[2026-02-25 23:48:31 +0000] [1364021] [INFO] Starting gunicorn 23.0.0
[2026-02-25 23:48:31 +0000] [1364021] [INFO] Listening at: http://0.0.0.0:3000 (1364021)
[2026-02-25 23:48:31 +0000] [1364021] [INFO] Using worker: sync
[2026-02-25 23:48:31 +0000] [1364022] [INFO] Booting worker with pid: 1364022
============================================================
EARTHQUAKE PREDICTION SERVER
============================================================
Device: cpu
Model: n_embed=1176, T=512, heads=8, layers=6
Hybrid: M2.0+ input, M4.0+ targets

Loading hybrid data...
Database connection established
Loaded 1,490,888 records (M2.0+)
  Training targets (M4.0+): 521,039 (34.9%)
  Earth-state features: hour[0-23], doy[0-365], moon_phase[0-29], moon_dist[0-9]
  Warning: depth max 651 exceeds model limit 200, will be clamped

Loading model...
[2026-02-25 23:49:07.469725] Loading model...
Database connection established
Loaded 1,490,888 records (M2.0+)
  Training targets (M4.0+): 521,039 (34.9%)
  Earth-state features: hour[0-23], doy[0-365], moon_phase[0-29], moon_dist[0-9]
  Warning: depth max 651 exceeds model limit 200, will be clamped
No checkpoint found, using random weights

Checking for active prediction...
No active prediction found, creating initial prediction...
[2026-02-25 23:49:57.047382] Prediction group #1 (5 locations, dt=120min, mag=5.5)
  Rank-1: lat=-34.80, lon=-71.91 near Región del Libertador General Bernardo O'Higgins, Chile (pi=0.068)
  Rank-2: lat=39.87, lon=19.82 (pi=0.066)
  Rank-3: lat=60.07, lon=-149.87 (pi=0.059)
  Rank-4: lat=5.08, lon=126.71 (pi=0.059)
  Rank-5: lat=-22.07, lon=-68.18 (pi=0.056)

Starting scheduler...
[2026-02-25 23:49:57.051132] No subscribers within range for prediction #1 (lat=-34.79951095581055, lon=-71.90982818603516)
Scheduler started: monitoring every 120 seconds
============================================================
Server ready! Monitoring every 120 seconds.
============================================================
[EMSC] Fetched 274 earthquakes for last 1 day(s)
Batch inserted 274 earthquakes
[2026-02-25 23:52:47 +0000] [1365087] [INFO] Starting gunicorn 23.0.0
[2026-02-25 23:52:47 +0000] [1365087] [INFO] Listening at: http://0.0.0.0:3000 (1365087)
[2026-02-25 23:52:47 +0000] [1365087] [INFO] Using worker: sync
[2026-02-25 23:52:47 +0000] [1365088] [INFO] Booting worker with pid: 1365088
============================================================
EARTHQUAKE PREDICTION SERVER
============================================================
Device: cpu
Model: n_embed=1176, T=512, heads=8, layers=6
Hybrid: M2.0+ input, M4.0+ targets

Loading hybrid data...
Database connection established
Loaded 1,490,888 records (M2.0+)
  Training targets (M4.0+): 521,039 (34.9%)
  Earth-state features: hour[0-23], doy[0-365], moon_phase[0-29], moon_dist[0-9]
  Warning: depth max 651 exceeds model limit 200, will be clamped

Loading model...
[2026-02-25 23:53:22.834109] Loading model...
Database connection established
Loaded 1,490,888 records (M2.0+)
  Training targets (M4.0+): 521,039 (34.9%)
  Earth-state features: hour[0-23], doy[0-365], moon_phase[0-29], moon_dist[0-9]
  Warning: depth max 651 exceeds model limit 200, will be clamped
No checkpoint found, using random weights

Checking for active prediction...
Active prediction found: #1 (115.9 minutes remaining)

Starting scheduler...
Scheduler started: monitoring every 120 seconds
============================================================
Server ready! Monitoring every 120 seconds.
============================================================
[EMSC] Fetched 274 earthquakes for last 1 day(s)
Batch inserted 274 earthquakes
Error ins_quakes: 1205 (HY000): Lock wait timeout exceeded; try restarting transaction
[2026-02-25 23:56:55.370472] Status: pending - {'action': 'pending', 'group_id': 1, 'remaining_minutes': 113.0, 'n_predictions': 5}
[2026-02-25 23:57:59.471341] New checkpoint detected: eqModel_complex_20260225_235707.pth
[2026-02-25 23:58:04.134412] Reloaded weights: eqModel_complex_20260225_235707.pth
[EMSC] Fetched 273 earthquakes for last 1 day(s)
Batch inserted 273 earthquakes
Error ins_quakes: 1205 (HY000): Lock wait timeout exceeded; try restarting transaction
[2026-02-25 23:58:59.868140] Status: pending - {'action': 'pending', 'group_id': 1, 'remaining_minutes': 110.9, 'n_predictions': 5}
[2026-02-25 23:58:59.885473] Warning: monitor_cycle took 60.4s
[EMSC] Fetched 273 earthquakes for last 1 day(s)
Batch inserted 273 earthquakes
Error ins_quakes: 1205 (HY000): Lock wait timeout exceeded; try restarting transaction
[2026-02-26 00:01:03.431633] Status: pending - {'action': 'pending', 'group_id': 1, 'remaining_minutes': 108.9, 'n_predictions': 5}
[2026-02-26 00:01:03.438977] Warning: monitor_cycle took 64.0s
[EMSC] Fetched 273 earthquakes for last 1 day(s)
Batch inserted 273 earthquakes
Error ins_quakes: 1205 (HY000): Lock wait timeout exceeded; try restarting transaction
[2026-02-26 00:02:55.491715] Status: pending - {'action': 'pending', 'group_id': 1, 'remaining_minutes': 107.0, 'n_predictions': 5}
[EMSC] Fetched 273 earthquakes for last 1 day(s)
Batch inserted 273 earthquakes
Error ins_quakes: 1205 (HY000): Lock wait timeout exceeded; try restarting transaction
Error dedup: bytearray index out of range
Connection ping failed: bytearray index out of range, reconnecting...
Database connection established
[2026-02-26 00:04:55.444349] Status: pending - {'action': 'pending', 'group_id': 1, 'remaining_minutes': 105.0, 'n_predictions': 5}
[2026-02-26 00:05:59.471396] New checkpoint detected: eqModel_complex_20260226_000518.pth
[2026-02-26 00:06:02.954087] Reloaded weights: eqModel_complex_20260226_000518.pth
[EMSC] Fetched 274 earthquakes for last 1 day(s)
Batch inserted 274 earthquakes
Error ins_quakes: 1205 (HY000): Lock wait timeout exceeded; try restarting transaction
Connection ping failed: bytearray index out of range, reconnecting...
Database connection established
[2026-02-26 00:06:59.359635] Status: pending - {'action': 'pending', 'group_id': 1, 'remaining_minutes': 102.9, 'n_predictions': 5}
[2026-02-26 00:06:59 +0000] [1365088] [WARNING] Invalid request from ip=194.195.215.176: Invalid HTTP request line: ''
[2026-02-26 00:06:59 +0000] [1365088] [WARNING] Invalid request from ip=194.195.215.176: Invalid HTTP request line: 'HELP'
[EMSC] Fetched 275 earthquakes for last 1 day(s)
Batch inserted 275 earthquakes
Error ins_quakes: 1205 (HY000): Lock wait timeout exceeded; try restarting transaction
Connection ping failed: bytearray index out of range, reconnecting...
Database connection established
[2026-02-26 00:08:55.236339] Status: pending - {'action': 'pending', 'group_id': 1, 'remaining_minutes': 101.0, 'n_predictions': 5}
[EMSC] Fetched 274 earthquakes for last 1 day(s)
Batch inserted 274 earthquakes
Error ins_quakes: 1205 (HY000): Lock wait timeout exceeded; try restarting transaction
Connection ping failed: bytearray index out of range, reconnecting...
Database connection established
Connection ping failed: bytearray index out of range, reconnecting...
Database connection established
[2026-02-26 00:10:55.634128] Status: pending - {'action': 'pending', 'group_id': 1, 'remaining_minutes': 99.0, 'n_predictions': 5}
[EMSC] Fetched 274 earthquakes for last 1 day(s)
Batch inserted 274 earthquakes
Connection ping failed: bytearray index out of range, reconnecting...
Database connection established
Error ins_quakes: 1205 (HY000): Lock wait timeout exceeded; try restarting transaction
Connection ping failed: bytearray index out of range, reconnecting...
Database connection established
Connection ping failed: bytearray index out of range, reconnecting...
Error dedup: bytearray index out of range
Database connection established
[2026-02-26 00:12:55.518697] Status: pending - {'action': 'pending', 'group_id': 1, 'remaining_minutes': 97.0, 'n_predictions': 5}
[2026-02-26 00:13:59.471400] New checkpoint detected: eqModel_complex_20260226_001355.pth
[2026-02-26 00:14:01.471691] Checkpoint still being written, skipping this cycle
[EMSC] Fetched 273 earthquakes for last 1 day(s)
Batch inserted 273 earthquakes
Error ins_quakes: 1205 (HY000): Lock wait timeout exceeded; try restarting transaction
[2026-02-26 00:14:56.936970] Status: pending - {'action': 'pending', 'group_id': 1, 'remaining_minutes': 95.0, 'n_predictions': 5}
[2026-02-26 00:15:59.471386] New checkpoint detected: eqModel_complex_20260226_001355.pth
[2026-02-26 00:16:02.955188] Reloaded weights: eqModel_complex_20260226_001355.pth
[EMSC] Fetched 272 earthquakes for last 1 day(s)
Batch inserted 272 earthquakes
Error ins_quakes: 1205 (HY000): Lock wait timeout exceeded; try restarting transaction
Connection ping failed: bytearray index out of range, reconnecting...
Error dedup: bytearray index out of range
Database connection established
[2026-02-26 00:16:58.088303] Status: pending - {'action': 'pending', 'group_id': 1, 'remaining_minutes': 93.0, 'n_predictions': 5}
[EMSC] Fetched 271 earthquakes for last 1 day(s)
Batch insert error: bytearray index out of range
Connection ping failed: bytearray index out of range, reconnecting...
Database connection established
Error ins_quakes: 1205 (HY000): Lock wait timeout exceeded; try restarting transaction
Connection ping failed: bytearray index out of range, reconnecting...
Database connection established
Error dedup: bytearray index out of range
Connection ping failed: bytearray index out of range, reconnecting...
Database connection established
[2026-02-26 00:18:56.231641] Status: pending - {'action': 'pending', 'group_id': 1, 'remaining_minutes': 91.0, 'n_predictions': 5}
[EMSC] Fetched 272 earthquakes for last 1 day(s)
Connection ping failed: bytearray index out of range, reconnecting...
Batch insert error: bytearray index out of range
Database connection established
Error ins_quakes: 1205 (HY000): Lock wait timeout exceeded; try restarting transaction
[2026-02-26 00:20:55.385818] Status: pending - {'action': 'pending', 'group_id': 1, 'remaining_minutes': 89.0, 'n_predictions': 5}
[EMSC] Fetched 272 earthquakes for last 1 day(s)
Batch inserted 272 earthquakes
Error ins_quakes: 1205 (HY000): Lock wait timeout exceeded; try restarting transaction
Error dedup: bytearray index out of range
Connection ping failed: bytearray index out of range, reconnecting...
Database connection established
[2026-02-26 00:22:54.534659] Status: pending - {'action': 'pending', 'group_id': 1, 'remaining_minutes': 87.0, 'n_predictions': 5}
[2026-02-26 00:23:59.471364] New checkpoint detected: eqModel_complex_20260226_002247.pth
[2026-02-26 00:24:02.780969] Reloaded weights: eqModel_complex_20260226_002247.pth
[EMSC] Fetched 273 earthquakes for last 1 day(s)
Batch inserted 273 earthquakes
Error ins_quakes: 1205 (HY000): Lock wait timeout exceeded; try restarting transaction
Connection ping failed: bytearray index out of range, reconnecting...
Database connection established
[2026-02-26 00:24:58.916973] Status: pending - {'action': 'pending', 'group_id': 1, 'remaining_minutes': 85.0, 'n_predictions': 5}
[EMSC] Fetched 273 earthquakes for last 1 day(s)
Batch inserted 273 earthquakes
Error ins_quakes: 1205 (HY000): Lock wait timeout exceeded; try restarting transaction
Connection ping failed: bytearray index out of range, reconnecting...
Database connection established
[2026-02-26 00:26:55.053843] Status: pending - {'action': 'pending', 'group_id': 1, 'remaining_minutes': 83.0, 'n_predictions': 5}
[EMSC] Fetched 274 earthquakes for last 1 day(s)
Batch inserted 274 earthquakes
Error ins_quakes: 1205 (HY000): Lock wait timeout exceeded; try restarting transaction
Connection ping failed: bytearray index out of range, reconnecting...
Database connection established
Connection ping failed: bytearray index out of range, reconnecting...
Database connection established
[2026-02-26 00:28:54.756820] Status: pending - {'action': 'pending', 'group_id': 1, 'remaining_minutes': 81.0, 'n_predictions': 5}
[EMSC] Fetched 275 earthquakes for last 1 day(s)
Batch inserted 275 earthquakes
Error ins_quakes: 1205 (HY000): Lock wait timeout exceeded; try restarting transaction
[2026-02-26 00:30:55.945782] Status: pending - {'action': 'pending', 'group_id': 1, 'remaining_minutes': 79.0, 'n_predictions': 5}
[2026-02-26 00:31:59.471385] New checkpoint detected: eqModel_complex_20260226_003123.pth
[2026-02-26 00:32:02.946670] Reloaded weights: eqModel_complex_20260226_003123.pth
[EMSC] Fetched 276 earthquakes for last 1 day(s)
Batch inserted 276 earthquakes
[2026-02-26 00:32:27 +0000] [1365087] [INFO] Handling signal: term
Error ins_quakes: 1205 (HY000): Lock wait timeout exceeded; try restarting transaction
[2026-02-26 00:32:55 +0000] [1365088] [INFO] Worker exiting (pid: 1365088)
[2026-02-26 00:32:57 +0000] [1365087] [INFO] Shutting down: Master
