============================================================
EARTHQUAKE PREDICTION - HYBRID TRAINING
============================================================
Device: cuda
Input: M2.0+  |  Targets: M4.0+
Batch: 1  |  Seq len: 384  |  Embed: 1024
Print every: 200  |  Save every: 600
Learning rate: 3e-05
============================================================
[2026-07-14 17:09:22.042732] Loading hybrid data (M2.0+ input, M4.0+ targets)...
Database connection established
Loaded 1,542,752 records (M2.0+) — input: GLOBAL
  Training targets (M4.0+ in E. Mediterranean region): 17,959 (1.16%)
  Occurrence labels (region M4+ within 60min): base rate 3.89%
  Earth-state features: hour[0-23], doy[0-365], moon_phase[0-29], moon_dist[0-9]

[2026-07-14 17:09:56.720897] Creating model with Geographic Positional Encoding (GPE)...
Model parameters: 204,904,881
Starting from scratch

[2026-07-14 17:10:02.104613] Training started (MULTI-POSITION)...
LR schedule: warmup 500 optimizer steps, cosine decay to 500000
Gradient accumulation: 32 steps (effective batch=32)
Output: MDN (SpatialMDN K=20, MagnitudeMDN K=8)
Multi-position: loss at ALL M4+ positions per sequence

